CRITICAL - 2022-06-18 10:48:11 --> Call to undefined method CodeIgniter\Session\Session::userdata()
in APPPATH\Controllers\Test.php on line 11.
 1 SYSTEMPATH\CodeIgniter.php(898): App\Controllers\Test->index()
 2 SYSTEMPATH\CodeIgniter.php(468): CodeIgniter\CodeIgniter->runController(Object(App\Controllers\Test))
 3 SYSTEMPATH\CodeIgniter.php(351): CodeIgniter\CodeIgniter->handleRequest(null, Object(Config\Cache), false)
 4 FCPATH\index.php(55): CodeIgniter\CodeIgniter->run()
 5 SYSTEMPATH\Commands\Server\rewrite.php(43): require_once('FCPATH\\index.php')
CRITICAL - 2022-06-18 12:01:46 --> Too few arguments to function CodeIgniter\Router\RouteCollection::get(), 1 passed in D:\Project\adminPln\app\Config\Routes.php on line 45 and at least 2 expected
in SYSTEMPATH\Router\RouteCollection.php on line 876.
 1 APPPATH\Config\Routes.php(45): CodeIgniter\Router\RouteCollection->get('/dashboard/admin')
 2 SYSTEMPATH\CodeIgniter.php(760): require('APPPATH\\Config\\Routes.php')
 3 SYSTEMPATH\CodeIgniter.php(417): CodeIgniter\CodeIgniter->tryToRouteIt(Object(CodeIgniter\Router\RouteCollection))
 4 SYSTEMPATH\CodeIgniter.php(347): CodeIgniter\CodeIgniter->handleRequest(null, Object(Config\Cache), false)
 5 SYSTEMPATH\CLI\Console.php(48): CodeIgniter\CodeIgniter->run()
 6 ROOTPATH\spark(86): CodeIgniter\CLI\Console->run()
CRITICAL - 2022-06-18 12:03:33 --> Invalid file: default.php
in SYSTEMPATH\Exceptions\FrameworkException.php on line 33.
 1 SYSTEMPATH\View\View.php(201): CodeIgniter\Exceptions\FrameworkException::forInvalidFile('default.php')
 2 SYSTEMPATH\View\View.php(229): CodeIgniter\View\View->render('default', [], true)
 3 SYSTEMPATH\Common.php(1135): CodeIgniter\View\View->render('admin/index', [], true)
 4 APPPATH\Controllers\Admin.php(11): view('admin/index')
 5 SYSTEMPATH\CodeIgniter.php(898): App\Controllers\Admin->index()
 6 SYSTEMPATH\CodeIgniter.php(468): CodeIgniter\CodeIgniter->runController(Object(App\Controllers\Admin))
 7 SYSTEMPATH\CodeIgniter.php(351): CodeIgniter\CodeIgniter->handleRequest(null, Object(Config\Cache), false)
 8 FCPATH\index.php(55): CodeIgniter\CodeIgniter->run()
 9 SYSTEMPATH\Commands\Server\rewrite.php(43): require_once('FCPATH\\index.php')
CRITICAL - 2022-06-18 12:23:05 --> isLoginFilter filter must have a matching alias defined.
in SYSTEMPATH\Filters\Filters.php on line 340.
 1 SYSTEMPATH\Filters\Filters.php(340): CodeIgniter\Filters\Exceptions\FilterException::forNoAlias('isLoginFilter')
 2 SYSTEMPATH\CodeIgniter.php(433): CodeIgniter\Filters\Filters->enableFilter('isLoginFilter', 'before')
 3 SYSTEMPATH\CodeIgniter.php(351): CodeIgniter\CodeIgniter->handleRequest(null, Object(Config\Cache), false)
 4 FCPATH\index.php(55): CodeIgniter\CodeIgniter->run()
 5 SYSTEMPATH\Commands\Server\rewrite.php(43): require_once('FCPATH\\index.php')
CRITICAL - 2022-06-18 12:26:16 --> Trying to get property 'role' of non-object
in APPPATH\Filters\AdminFilter.php on line 33.
 1 APPPATH\Filters\AdminFilter.php(33): CodeIgniter\Debug\Exceptions->errorHandler(8, 'Trying to get property \'role\' of non-object', 'APPPATH\\Filters\\AdminFilter.php', 33, [...])
 2 SYSTEMPATH\Filters\Filters.php(173): App\Filters\AdminFilter->before(Object(CodeIgniter\HTTP\IncomingRequest), null)
 3 SYSTEMPATH\CodeIgniter.php(442): CodeIgniter\Filters\Filters->run('dashboard/admin', 'before')
 4 SYSTEMPATH\CodeIgniter.php(351): CodeIgniter\CodeIgniter->handleRequest(null, Object(Config\Cache), false)
 5 FCPATH\index.php(55): CodeIgniter\CodeIgniter->run()
 6 SYSTEMPATH\Commands\Server\rewrite.php(43): require_once('FCPATH\\index.php')
CRITICAL - 2022-06-18 12:27:49 --> Trying to get property 'role' of non-object
in APPPATH\Filters\AdminFilter.php on line 33.
 1 APPPATH\Filters\AdminFilter.php(33): CodeIgniter\Debug\Exceptions->errorHandler(8, 'Trying to get property \'role\' of non-object', 'APPPATH\\Filters\\AdminFilter.php', 33, [...])
 2 SYSTEMPATH\Filters\Filters.php(173): App\Filters\AdminFilter->before(Object(CodeIgniter\HTTP\IncomingRequest), null)
 3 SYSTEMPATH\CodeIgniter.php(442): CodeIgniter\Filters\Filters->run('dashboard/admin', 'before')
 4 SYSTEMPATH\CodeIgniter.php(351): CodeIgniter\CodeIgniter->handleRequest(null, Object(Config\Cache), false)
 5 FCPATH\index.php(55): CodeIgniter\CodeIgniter->run()
 6 SYSTEMPATH\Commands\Server\rewrite.php(43): require_once('FCPATH\\index.php')
CRITICAL - 2022-06-18 12:28:20 --> count(): Parameter must be an array or an object that implements Countable
in APPPATH\Filters\AdminFilter.php on line 33.
 1 [internal function]: CodeIgniter\Debug\Exceptions->errorHandler(2, 'count(): Parameter must be an array or an object that implements Countable', 'APPPATH\\Filters\\AdminFilter.php', 33, [...])
 2 APPPATH\Filters\AdminFilter.php(33): count(null)
 3 SYSTEMPATH\Filters\Filters.php(173): App\Filters\AdminFilter->before(Object(CodeIgniter\HTTP\IncomingRequest), null)
 4 SYSTEMPATH\CodeIgniter.php(442): CodeIgniter\Filters\Filters->run('dashboard/admin', 'before')
 5 SYSTEMPATH\CodeIgniter.php(351): CodeIgniter\CodeIgniter->handleRequest(null, Object(Config\Cache), false)
 6 FCPATH\index.php(55): CodeIgniter\CodeIgniter->run()
 7 SYSTEMPATH\Commands\Server\rewrite.php(43): require_once('FCPATH\\index.php')
CRITICAL - 2022-06-18 12:29:37 --> count(): Parameter must be an array or an object that implements Countable
in APPPATH\Filters\AdminFilter.php on line 33.
 1 [internal function]: CodeIgniter\Debug\Exceptions->errorHandler(2, 'count(): Parameter must be an array or an object that implements Countable', 'APPPATH\\Filters\\AdminFilter.php', 33, [...])
 2 APPPATH\Filters\AdminFilter.php(33): count(null)
 3 SYSTEMPATH\Filters\Filters.php(173): App\Filters\AdminFilter->before(Object(CodeIgniter\HTTP\IncomingRequest), null)
 4 SYSTEMPATH\CodeIgniter.php(442): CodeIgniter\Filters\Filters->run('dashboard/admin', 'before')
 5 SYSTEMPATH\CodeIgniter.php(351): CodeIgniter\CodeIgniter->handleRequest(null, Object(Config\Cache), false)
 6 FCPATH\index.php(55): CodeIgniter\CodeIgniter->run()
 7 SYSTEMPATH\Commands\Server\rewrite.php(43): require_once('FCPATH\\index.php')
CRITICAL - 2022-06-18 12:30:19 --> count(): Parameter must be an array or an object that implements Countable
in APPPATH\Filters\AdminFilter.php on line 34.
 1 [internal function]: CodeIgniter\Debug\Exceptions->errorHandler(2, 'count(): Parameter must be an array or an object that implements Countable', 'APPPATH\\Filters\\AdminFilter.php', 34, [...])
 2 APPPATH\Filters\AdminFilter.php(34): count(null)
 3 SYSTEMPATH\Filters\Filters.php(173): App\Filters\AdminFilter->before(Object(CodeIgniter\HTTP\IncomingRequest), null)
 4 SYSTEMPATH\CodeIgniter.php(442): CodeIgniter\Filters\Filters->run('dashboard/admin', 'before')
 5 SYSTEMPATH\CodeIgniter.php(351): CodeIgniter\CodeIgniter->handleRequest(null, Object(Config\Cache), false)
 6 FCPATH\index.php(55): CodeIgniter\CodeIgniter->run()
 7 SYSTEMPATH\Commands\Server\rewrite.php(43): require_once('FCPATH\\index.php')
CRITICAL - 2022-06-18 12:30:23 --> count(): Parameter must be an array or an object that implements Countable
in APPPATH\Filters\AdminFilter.php on line 34.
 1 [internal function]: CodeIgniter\Debug\Exceptions->errorHandler(2, 'count(): Parameter must be an array or an object that implements Countable', 'APPPATH\\Filters\\AdminFilter.php', 34, [...])
 2 APPPATH\Filters\AdminFilter.php(34): count(null)
 3 SYSTEMPATH\Filters\Filters.php(173): App\Filters\AdminFilter->before(Object(CodeIgniter\HTTP\IncomingRequest), null)
 4 SYSTEMPATH\CodeIgniter.php(442): CodeIgniter\Filters\Filters->run('dashboard/admin', 'before')
 5 SYSTEMPATH\CodeIgniter.php(351): CodeIgniter\CodeIgniter->handleRequest(null, Object(Config\Cache), false)
 6 FCPATH\index.php(55): CodeIgniter\CodeIgniter->run()
 7 SYSTEMPATH\Commands\Server\rewrite.php(43): require_once('FCPATH\\index.php')
CRITICAL - 2022-06-18 12:38:09 --> Return value of CodeIgniter\Router\RouteCollection::getFilterForRoute() must be of the type string, array returned
in SYSTEMPATH\Router\RouteCollection.php on line 1089.
 1 SYSTEMPATH\Router\Router.php(188): CodeIgniter\Router\RouteCollection->getFilterForRoute('dashboard')
 2 SYSTEMPATH\CodeIgniter.php(773): CodeIgniter\Router\Router->handle('dashboard')
 3 SYSTEMPATH\CodeIgniter.php(417): CodeIgniter\CodeIgniter->tryToRouteIt(Object(CodeIgniter\Router\RouteCollection))
 4 SYSTEMPATH\CodeIgniter.php(351): CodeIgniter\CodeIgniter->handleRequest(null, Object(Config\Cache), false)
 5 FCPATH\index.php(55): CodeIgniter\CodeIgniter->run()
 6 SYSTEMPATH\Commands\Server\rewrite.php(43): require_once('FCPATH\\index.php')
CRITICAL - 2022-06-18 12:38:33 --> Return value of CodeIgniter\Router\RouteCollection::getFilterForRoute() must be of the type string, array returned
in SYSTEMPATH\Router\RouteCollection.php on line 1089.
 1 SYSTEMPATH\Router\Router.php(188): CodeIgniter\Router\RouteCollection->getFilterForRoute('dashboard')
 2 SYSTEMPATH\CodeIgniter.php(773): CodeIgniter\Router\Router->handle('dashboard')
 3 SYSTEMPATH\CodeIgniter.php(417): CodeIgniter\CodeIgniter->tryToRouteIt(Object(CodeIgniter\Router\RouteCollection))
 4 SYSTEMPATH\CodeIgniter.php(351): CodeIgniter\CodeIgniter->handleRequest(null, Object(Config\Cache), false)
 5 FCPATH\index.php(55): CodeIgniter\CodeIgniter->run()
 6 SYSTEMPATH\Commands\Server\rewrite.php(43): require_once('FCPATH\\index.php')
CRITICAL - 2022-06-18 12:40:34 --> Return value of CodeIgniter\Router\RouteCollection::getFilterForRoute() must be of the type string, array returned
in SYSTEMPATH\Router\RouteCollection.php on line 1089.
 1 SYSTEMPATH\Router\Router.php(188): CodeIgniter\Router\RouteCollection->getFilterForRoute('dashboard')
 2 SYSTEMPATH\CodeIgniter.php(773): CodeIgniter\Router\Router->handle('dashboard')
 3 SYSTEMPATH\CodeIgniter.php(417): CodeIgniter\CodeIgniter->tryToRouteIt(Object(CodeIgniter\Router\RouteCollection))
 4 SYSTEMPATH\CodeIgniter.php(351): CodeIgniter\CodeIgniter->handleRequest(null, Object(Config\Cache), false)
 5 FCPATH\index.php(55): CodeIgniter\CodeIgniter->run()
 6 SYSTEMPATH\Commands\Server\rewrite.php(43): require_once('FCPATH\\index.php')
CRITICAL - 2022-06-18 13:19:20 --> Return value of CodeIgniter\Router\RouteCollection::getFilterForRoute() must be of the type string, array returned
in SYSTEMPATH\Router\RouteCollection.php on line 1089.
 1 SYSTEMPATH\Router\Router.php(188): CodeIgniter\Router\RouteCollection->getFilterForRoute('dashboard')
 2 SYSTEMPATH\CodeIgniter.php(773): CodeIgniter\Router\Router->handle('dashboard/')
 3 SYSTEMPATH\CodeIgniter.php(417): CodeIgniter\CodeIgniter->tryToRouteIt(Object(CodeIgniter\Router\RouteCollection))
 4 SYSTEMPATH\CodeIgniter.php(351): CodeIgniter\CodeIgniter->handleRequest(null, Object(Config\Cache), false)
 5 FCPATH\index.php(55): CodeIgniter\CodeIgniter->run()
 6 SYSTEMPATH\Commands\Server\rewrite.php(43): require_once('FCPATH\\index.php')
