CRITICAL - 2022-06-26 10:43:17 --> Call to a member function getName() on array
in APPPATH\Controllers\Admin.php on line 23.
 1 SYSTEMPATH\CodeIgniter.php(898): App\Controllers\Admin->import()
 2 SYSTEMPATH\CodeIgniter.php(468): CodeIgniter\CodeIgniter->runController(Object(App\Controllers\Admin))
 3 SYSTEMPATH\CodeIgniter.php(351): CodeIgniter\CodeIgniter->handleRequest(null, Object(Config\Cache), false)
 4 FCPATH\index.php(55): CodeIgniter\CodeIgniter->run()
 5 SYSTEMPATH\Commands\Server\rewrite.php(43): require_once('FCPATH\\index.php')
CRITICAL - 2022-06-26 10:44:30 --> Undefined offset: 0
in APPPATH\Controllers\Admin.php on line 23.
 1 APPPATH\Controllers\Admin.php(23): CodeIgniter\Debug\Exceptions->errorHandler(8, 'Undefined offset: 0', 'APPPATH\\Controllers\\Admin.php', 23, [...])
 2 SYSTEMPATH\CodeIgniter.php(898): App\Controllers\Admin->import()
 3 SYSTEMPATH\CodeIgniter.php(468): CodeIgniter\CodeIgniter->runController(Object(App\Controllers\Admin))
 4 SYSTEMPATH\CodeIgniter.php(351): CodeIgniter\CodeIgniter->handleRequest(null, Object(Config\Cache), false)
 5 FCPATH\index.php(55): CodeIgniter\CodeIgniter->run()
 6 SYSTEMPATH\Commands\Server\rewrite.php(43): require_once('FCPATH\\index.php')
CRITICAL - 2022-06-26 10:45:50 --> Undefined offset: 0
in APPPATH\Controllers\Admin.php on line 23.
 1 APPPATH\Controllers\Admin.php(23): CodeIgniter\Debug\Exceptions->errorHandler(8, 'Undefined offset: 0', 'APPPATH\\Controllers\\Admin.php', 23, [...])
 2 SYSTEMPATH\CodeIgniter.php(898): App\Controllers\Admin->import()
 3 SYSTEMPATH\CodeIgniter.php(468): CodeIgniter\CodeIgniter->runController(Object(App\Controllers\Admin))
 4 SYSTEMPATH\CodeIgniter.php(351): CodeIgniter\CodeIgniter->handleRequest(null, Object(Config\Cache), false)
 5 FCPATH\index.php(55): CodeIgniter\CodeIgniter->run()
 6 SYSTEMPATH\Commands\Server\rewrite.php(43): require_once('FCPATH\\index.php')
CRITICAL - 2022-06-26 10:57:02 --> Undefined offset: 0
in APPPATH\Controllers\Admin.php on line 24.
 1 APPPATH\Controllers\Admin.php(24): CodeIgniter\Debug\Exceptions->errorHandler(8, 'Undefined offset: 0', 'APPPATH\\Controllers\\Admin.php', 24, [...])
 2 SYSTEMPATH\CodeIgniter.php(898): App\Controllers\Admin->import()
 3 SYSTEMPATH\CodeIgniter.php(468): CodeIgniter\CodeIgniter->runController(Object(App\Controllers\Admin))
 4 SYSTEMPATH\CodeIgniter.php(351): CodeIgniter\CodeIgniter->handleRequest(null, Object(Config\Cache), false)
 5 FCPATH\index.php(55): CodeIgniter\CodeIgniter->run()
 6 SYSTEMPATH\Commands\Server\rewrite.php(43): require_once('FCPATH\\index.php')
CRITICAL - 2022-06-26 10:57:15 --> Cannot use [] for reading
in APPPATH\Controllers\Admin.php on line 24.
 1 [internal function]: CodeIgniter\Debug\Exceptions->shutdownHandler()
CRITICAL - 2022-06-26 11:02:06 --> File "TODAY.xlsx" does not exist.
in VENDORPATH\phpoffice\phpspreadsheet\src\PhpSpreadsheet\Shared\File.php on line 149.
 1 VENDORPATH\phpoffice\phpspreadsheet\src\PhpSpreadsheet\Reader\Xlsx.php(393): PhpOffice\PhpSpreadsheet\Shared\File::assertFile('TODAY.xlsx', '_rels/.rels')
 2 VENDORPATH\phpoffice\phpspreadsheet\src\PhpSpreadsheet\Reader\BaseReader.php(166): PhpOffice\PhpSpreadsheet\Reader\Xlsx->loadSpreadsheetFromFile('TODAY.xlsx')
 3 APPPATH\Controllers\Admin.php(26): PhpOffice\PhpSpreadsheet\Reader\BaseReader->load('TODAY.xlsx')
 4 SYSTEMPATH\CodeIgniter.php(898): App\Controllers\Admin->import()
 5 SYSTEMPATH\CodeIgniter.php(468): CodeIgniter\CodeIgniter->runController(Object(App\Controllers\Admin))
 6 SYSTEMPATH\CodeIgniter.php(351): CodeIgniter\CodeIgniter->handleRequest(null, Object(Config\Cache), false)
 7 FCPATH\index.php(55): CodeIgniter\CodeIgniter->run()
 8 SYSTEMPATH\Commands\Server\rewrite.php(43): require_once('FCPATH\\index.php')
CRITICAL - 2022-06-26 11:04:33 --> File "TODAY.xlsx" does not exist.
in VENDORPATH\phpoffice\phpspreadsheet\src\PhpSpreadsheet\Shared\File.php on line 149.
 1 VENDORPATH\phpoffice\phpspreadsheet\src\PhpSpreadsheet\Reader\Xlsx.php(393): PhpOffice\PhpSpreadsheet\Shared\File::assertFile('TODAY.xlsx', '_rels/.rels')
 2 VENDORPATH\phpoffice\phpspreadsheet\src\PhpSpreadsheet\Reader\BaseReader.php(166): PhpOffice\PhpSpreadsheet\Reader\Xlsx->loadSpreadsheetFromFile('TODAY.xlsx')
 3 APPPATH\Controllers\Admin.php(29): PhpOffice\PhpSpreadsheet\Reader\BaseReader->load('TODAY.xlsx')
 4 SYSTEMPATH\CodeIgniter.php(898): App\Controllers\Admin->import()
 5 SYSTEMPATH\CodeIgniter.php(468): CodeIgniter\CodeIgniter->runController(Object(App\Controllers\Admin))
 6 SYSTEMPATH\CodeIgniter.php(351): CodeIgniter\CodeIgniter->handleRequest(null, Object(Config\Cache), false)
 7 FCPATH\index.php(55): CodeIgniter\CodeIgniter->run()
 8 SYSTEMPATH\Commands\Server\rewrite.php(43): require_once('FCPATH\\index.php')
CRITICAL - 2022-06-26 11:07:53 --> File "TODAY.xlsx" does not exist.
in VENDORPATH\phpoffice\phpspreadsheet\src\PhpSpreadsheet\Shared\File.php on line 149.
 1 VENDORPATH\phpoffice\phpspreadsheet\src\PhpSpreadsheet\Reader\Xlsx.php(393): PhpOffice\PhpSpreadsheet\Shared\File::assertFile('TODAY.xlsx', '_rels/.rels')
 2 VENDORPATH\phpoffice\phpspreadsheet\src\PhpSpreadsheet\Reader\BaseReader.php(166): PhpOffice\PhpSpreadsheet\Reader\Xlsx->loadSpreadsheetFromFile('TODAY.xlsx')
 3 APPPATH\Controllers\Admin.php(33): PhpOffice\PhpSpreadsheet\Reader\BaseReader->load('TODAY.xlsx')
 4 SYSTEMPATH\CodeIgniter.php(898): App\Controllers\Admin->import()
 5 SYSTEMPATH\CodeIgniter.php(468): CodeIgniter\CodeIgniter->runController(Object(App\Controllers\Admin))
 6 SYSTEMPATH\CodeIgniter.php(351): CodeIgniter\CodeIgniter->handleRequest(null, Object(Config\Cache), false)
 7 FCPATH\index.php(55): CodeIgniter\CodeIgniter->run()
 8 SYSTEMPATH\Commands\Server\rewrite.php(43): require_once('FCPATH\\index.php')
CRITICAL - 2022-06-26 11:10:11 --> File "TODAY.xlsx" does not exist.
in VENDORPATH\phpoffice\phpspreadsheet\src\PhpSpreadsheet\Shared\File.php on line 149.
 1 VENDORPATH\phpoffice\phpspreadsheet\src\PhpSpreadsheet\Reader\Xlsx.php(393): PhpOffice\PhpSpreadsheet\Shared\File::assertFile('TODAY.xlsx', '_rels/.rels')
 2 VENDORPATH\phpoffice\phpspreadsheet\src\PhpSpreadsheet\Reader\BaseReader.php(166): PhpOffice\PhpSpreadsheet\Reader\Xlsx->loadSpreadsheetFromFile('TODAY.xlsx')
 3 APPPATH\Controllers\Admin.php(34): PhpOffice\PhpSpreadsheet\Reader\BaseReader->load('TODAY.xlsx')
 4 SYSTEMPATH\CodeIgniter.php(898): App\Controllers\Admin->import()
 5 SYSTEMPATH\CodeIgniter.php(468): CodeIgniter\CodeIgniter->runController(Object(App\Controllers\Admin))
 6 SYSTEMPATH\CodeIgniter.php(351): CodeIgniter\CodeIgniter->handleRequest(null, Object(Config\Cache), false)
 7 FCPATH\index.php(55): CodeIgniter\CodeIgniter->run()
 8 SYSTEMPATH\Commands\Server\rewrite.php(43): require_once('FCPATH\\index.php')
CRITICAL - 2022-06-26 11:11:36 --> File "TODAY.xlsx" does not exist.
in VENDORPATH\phpoffice\phpspreadsheet\src\PhpSpreadsheet\Shared\File.php on line 149.
 1 VENDORPATH\phpoffice\phpspreadsheet\src\PhpSpreadsheet\Reader\Xlsx.php(393): PhpOffice\PhpSpreadsheet\Shared\File::assertFile('TODAY.xlsx', '_rels/.rels')
 2 VENDORPATH\phpoffice\phpspreadsheet\src\PhpSpreadsheet\Reader\BaseReader.php(166): PhpOffice\PhpSpreadsheet\Reader\Xlsx->loadSpreadsheetFromFile('TODAY.xlsx')
 3 APPPATH\Controllers\Admin.php(34): PhpOffice\PhpSpreadsheet\Reader\BaseReader->load('TODAY.xlsx')
 4 SYSTEMPATH\CodeIgniter.php(898): App\Controllers\Admin->import()
 5 SYSTEMPATH\CodeIgniter.php(468): CodeIgniter\CodeIgniter->runController(Object(App\Controllers\Admin))
 6 SYSTEMPATH\CodeIgniter.php(351): CodeIgniter\CodeIgniter->handleRequest(null, Object(Config\Cache), false)
 7 FCPATH\index.php(55): CodeIgniter\CodeIgniter->run()
 8 SYSTEMPATH\Commands\Server\rewrite.php(43): require_once('FCPATH\\index.php')
CRITICAL - 2022-06-26 11:30:47 --> require(vendor/autoload.php): failed to open stream: No such file or directory
in APPPATH\Controllers\Admin.php on line 4.
 1 APPPATH\Controllers\Admin.php(4): CodeIgniter\Debug\Exceptions->errorHandler(2, 'require(vendor/autoload.php): failed to open stream: No such file or directory', 'APPPATH\\Controllers\\Admin.php', 4, [...])
 2 APPPATH\Controllers\Admin.php(4): require()
 3 SYSTEMPATH\Autoloader\Autoloader.php(284): include_once('APPPATH\\Controllers\\Admin.php')
 4 SYSTEMPATH\Autoloader\Autoloader.php(261): CodeIgniter\Autoloader\Autoloader->includeFile('APPPATH\\Controllers\\Admin.php')
 5 SYSTEMPATH\Autoloader\Autoloader.php(239): CodeIgniter\Autoloader\Autoloader->loadInNamespace('App\\Controllers\\Admin')
 6 [internal function]: CodeIgniter\Autoloader\Autoloader->loadClass('App\\Controllers\\Admin')
 7 [internal function]: spl_autoload_call('App\\Controllers\\Admin')
 8 SYSTEMPATH\CodeIgniter.php(848): class_exists('\\App\\Controllers\\Admin', true)
 9 SYSTEMPATH\CodeIgniter.php(455): CodeIgniter\CodeIgniter->startController()
10 SYSTEMPATH\CodeIgniter.php(351): CodeIgniter\CodeIgniter->handleRequest(null, Object(Config\Cache), false)
11 FCPATH\index.php(55): CodeIgniter\CodeIgniter->run()
12 SYSTEMPATH\Commands\Server\rewrite.php(43): require_once('FCPATH\\index.php')
CRITICAL - 2022-06-26 11:32:17 --> File "TODAY.xlsx" does not exist.
in VENDORPATH\phpoffice\phpspreadsheet\src\PhpSpreadsheet\Shared\File.php on line 149.
 1 VENDORPATH\phpoffice\phpspreadsheet\src\PhpSpreadsheet\IOFactory.php(129): PhpOffice\PhpSpreadsheet\Shared\File::assertFile('TODAY.xlsx')
 2 VENDORPATH\phpoffice\phpspreadsheet\src\PhpSpreadsheet\IOFactory.php(100): PhpOffice\PhpSpreadsheet\IOFactory::createReaderForFile('TODAY.xlsx', null)
 3 APPPATH\Controllers\Admin.php(29): PhpOffice\PhpSpreadsheet\IOFactory::load('TODAY.xlsx')
 4 SYSTEMPATH\CodeIgniter.php(898): App\Controllers\Admin->import()
 5 SYSTEMPATH\CodeIgniter.php(468): CodeIgniter\CodeIgniter->runController(Object(App\Controllers\Admin))
 6 SYSTEMPATH\CodeIgniter.php(351): CodeIgniter\CodeIgniter->handleRequest(null, Object(Config\Cache), false)
 7 FCPATH\index.php(55): CodeIgniter\CodeIgniter->run()
 8 SYSTEMPATH\Commands\Server\rewrite.php(43): require_once('FCPATH\\index.php')
CRITICAL - 2022-06-26 12:06:28 --> File "../../TODAY.xlsx" does not exist.
in VENDORPATH\phpoffice\phpspreadsheet\src\PhpSpreadsheet\Shared\File.php on line 149.
 1 VENDORPATH\phpoffice\phpspreadsheet\src\PhpSpreadsheet\Reader\Xlsx.php(393): PhpOffice\PhpSpreadsheet\Shared\File::assertFile('../../TODAY.xlsx', '_rels/.rels')
 2 VENDORPATH\phpoffice\phpspreadsheet\src\PhpSpreadsheet\Reader\BaseReader.php(166): PhpOffice\PhpSpreadsheet\Reader\Xlsx->loadSpreadsheetFromFile('../../TODAY.xlsx')
 3 APPPATH\Controllers\Admin.php(34): PhpOffice\PhpSpreadsheet\Reader\BaseReader->load('../../TODAY.xlsx')
 4 SYSTEMPATH\CodeIgniter.php(898): App\Controllers\Admin->import()
 5 SYSTEMPATH\CodeIgniter.php(468): CodeIgniter\CodeIgniter->runController(Object(App\Controllers\Admin))
 6 SYSTEMPATH\CodeIgniter.php(351): CodeIgniter\CodeIgniter->handleRequest(null, Object(Config\Cache), false)
 7 FCPATH\index.php(55): CodeIgniter\CodeIgniter->run()
 8 SYSTEMPATH\Commands\Server\rewrite.php(43): require_once('FCPATH\\index.php')
